<?xml version="1.0" encoding="UTF-8"?>
<coverage generated="1570771514341" clover="3.2.0">
  <project timestamp="1570771514341" name="All files">
    <metrics statements="64" coveredstatements="52" conditionals="28" coveredconditionals="19" methods="29" coveredmethods="15" elements="121" coveredelements="86" complexity="0" loc="64" ncloc="64" packages="5" files="14" classes="14">
      <package name="src">
        <metrics statements="2" coveredstatements="2" conditionals="0" coveredconditionals="0" methods="1" coveredmethods="1"/>
        <file name="routes.jsx" path="/home/reid/Development/rocket-ui-test/src/routes.jsx">
          <metrics statements="2" coveredstatements="2" conditionals="0" coveredconditionals="0" methods="1" coveredmethods="1"/>
          <line num="8" count="1" type="stmt"/>
          <line num="9" count="1" type="stmt"/>
        </file>
      </package>
      <package name="src.actions">
        <metrics statements="6" coveredstatements="6" conditionals="0" coveredconditionals="0" methods="5" coveredmethods="1"/>
        <file name="Launches.js" path="/home/reid/Development/rocket-ui-test/src/actions/Launches.js">
          <metrics statements="6" coveredstatements="6" conditionals="0" coveredconditionals="0" methods="5" coveredmethods="1"/>
          <line num="1" count="3" type="stmt"/>
          <line num="9" count="4" type="stmt"/>
          <line num="13" count="3" type="stmt"/>
          <line num="20" count="3" type="stmt"/>
          <line num="27" count="3" type="stmt"/>
          <line num="34" count="3" type="stmt"/>
        </file>
      </package>
      <package name="src.components">
        <metrics statements="36" coveredstatements="27" conditionals="22" coveredconditionals="13" methods="13" coveredmethods="9"/>
        <file name="Launch.jsx" path="/home/reid/Development/rocket-ui-test/src/components/Launch.jsx">
          <metrics statements="5" coveredstatements="3" conditionals="4" coveredconditionals="2" methods="2" coveredmethods="1"/>
          <line num="5" count="49" type="stmt"/>
          <line num="6" count="49" type="stmt"/>
          <line num="7" count="0" type="cond" truecount="0" falsecount="2"/>
          <line num="8" count="0" type="stmt"/>
          <line num="12" count="49" type="stmt"/>
        </file>
        <file name="LaunchDetails.jsx" path="/home/reid/Development/rocket-ui-test/src/components/LaunchDetails.jsx">
          <metrics statements="18" coveredstatements="13" conditionals="14" coveredconditionals="7" methods="4" coveredmethods="3"/>
          <line num="3" count="3" type="stmt"/>
          <line num="6" count="1" type="cond" truecount="1" falsecount="1"/>
          <line num="7" count="0" type="stmt"/>
          <line num="10" count="1" type="cond" truecount="1" falsecount="1"/>
          <line num="11" count="0" type="stmt"/>
          <line num="14" count="1" type="stmt"/>
          <line num="15" count="1" type="stmt"/>
          <line num="17" count="1" type="stmt"/>
          <line num="19" count="1" type="stmt"/>
          <line num="30" count="1" type="stmt"/>
          <line num="31" count="1" type="stmt"/>
          <line num="33" count="1" type="stmt"/>
          <line num="34" count="0" type="cond" truecount="0" falsecount="2"/>
          <line num="35" count="0" type="stmt"/>
          <line num="39" count="1" type="stmt"/>
          <line num="40" count="1" type="cond" truecount="3" falsecount="1"/>
          <line num="41" count="0" type="stmt"/>
          <line num="48" count="1" type="stmt"/>
        </file>
        <file name="LaunchGrid.jsx" path="/home/reid/Development/rocket-ui-test/src/components/LaunchGrid.jsx">
          <metrics statements="9" coveredstatements="7" conditionals="4" coveredconditionals="4" methods="4" coveredmethods="2"/>
          <line num="8" count="5" type="stmt"/>
          <line num="9" count="0" type="stmt"/>
          <line num="12" count="5" type="stmt"/>
          <line num="13" count="0" type="stmt"/>
          <line num="16" count="5" type="stmt"/>
          <line num="17" count="50" type="cond" truecount="4" falsecount="0"/>
          <line num="18" count="1" type="stmt"/>
          <line num="29" count="49" type="stmt"/>
          <line num="38" count="5" type="stmt"/>
        </file>
        <file name="LaunchLoading.jsx" path="/home/reid/Development/rocket-ui-test/src/components/LaunchLoading.jsx">
          <metrics statements="1" coveredstatements="1" conditionals="0" coveredconditionals="0" methods="1" coveredmethods="1"/>
          <line num="4" count="1" type="stmt"/>
        </file>
        <file name="LaunchLoadingError.jsx" path="/home/reid/Development/rocket-ui-test/src/components/LaunchLoadingError.jsx">
          <metrics statements="1" coveredstatements="1" conditionals="0" coveredconditionals="0" methods="1" coveredmethods="1"/>
          <line num="4" count="1" type="stmt"/>
        </file>
        <file name="Navigation.jsx" path="/home/reid/Development/rocket-ui-test/src/components/Navigation.jsx">
          <metrics statements="2" coveredstatements="2" conditionals="0" coveredconditionals="0" methods="1" coveredmethods="1"/>
          <line num="4" count="2" type="stmt"/>
          <line num="5" count="2" type="stmt"/>
        </file>
      </package>
      <package name="src.mocks">
        <metrics statements="2" coveredstatements="2" conditionals="0" coveredconditionals="0" methods="2" coveredmethods="0"/>
        <file name="mockLaunchAPIResponse.js" path="/home/reid/Development/rocket-ui-test/src/mocks/mockLaunchAPIResponse.js">
          <metrics statements="0" coveredstatements="0" conditionals="0" coveredconditionals="0" methods="0" coveredmethods="0"/>
        </file>
        <file name="mockLaunchCollectionStates.js" path="/home/reid/Development/rocket-ui-test/src/mocks/mockLaunchCollectionStates.js">
          <metrics statements="2" coveredstatements="2" conditionals="0" coveredconditionals="0" methods="2" coveredmethods="0"/>
          <line num="4" count="2" type="stmt"/>
          <line num="13" count="2" type="stmt"/>
        </file>
        <file name="mockRocketAPIResponse.js" path="/home/reid/Development/rocket-ui-test/src/mocks/mockRocketAPIResponse.js">
          <metrics statements="0" coveredstatements="0" conditionals="0" coveredconditionals="0" methods="0" coveredmethods="0"/>
        </file>
      </package>
      <package name="src.views">
        <metrics statements="18" coveredstatements="15" conditionals="6" coveredconditionals="6" methods="8" coveredmethods="4"/>
        <file name="ConnectedView.jsx" path="/home/reid/Development/rocket-ui-test/src/views/ConnectedView.jsx">
          <metrics statements="6" coveredstatements="4" conditionals="0" coveredconditionals="0" methods="4" coveredmethods="1"/>
          <line num="7" count="2" type="stmt"/>
          <line num="13" count="0" type="stmt"/>
          <line num="18" count="0" type="stmt"/>
          <line num="26" count="2" type="stmt"/>
          <line num="28" count="2" type="stmt"/>
          <line num="32" count="2" type="stmt"/>
        </file>
        <file name="Launches.jsx" path="/home/reid/Development/rocket-ui-test/src/views/Launches.jsx">
          <metrics statements="10" coveredstatements="10" conditionals="6" coveredconditionals="6" methods="3" coveredmethods="3"/>
          <line num="9" count="4" type="stmt"/>
          <line num="10" count="4" type="stmt"/>
          <line num="12" count="4" type="cond" truecount="4" falsecount="0"/>
          <line num="14" count="3" type="cond" truecount="2" falsecount="0"/>
          <line num="16" count="2" type="stmt"/>
          <line num="20" count="4" type="stmt"/>
          <line num="22" count="4" type="stmt"/>
          <line num="23" count="4" type="stmt"/>
          <line num="26" count="4" type="stmt"/>
          <line num="34" count="2" type="stmt"/>
        </file>
        <file name="Layout.jsx" path="/home/reid/Development/rocket-ui-test/src/views/Layout.jsx">
          <metrics statements="2" coveredstatements="1" conditionals="0" coveredconditionals="0" methods="1" coveredmethods="0"/>
          <line num="3" count="2" type="stmt"/>
          <line num="6" count="0" type="stmt"/>
        </file>
      </package>
    </metrics>
  </project>
</coverage>
