{"/home/reid/Development/rocket-ui-test/src/routes.jsx": {"path":"/home/reid/Development/rocket-ui-test/src/routes.jsx","statementMap":{"0":{"start":{"line":8,"column":15},"end":{"line":15,"column":1}},"1":{"start":{"line":9,"column":2},"end":{"line":14,"column":11}}},"fnMap":{"0":{"name":"(anonymous_0)","decl":{"start":{"line":8,"column":15},"end":{"line":8,"column":16}},"loc":{"start":{"line":9,"column":2},"end":{"line":14,"column":11}},"line":9}},"branchMap":{},"s":{"0":1,"1":1},"f":{"0":1},"b":{},"_coverageSchema":"332fd63041d2c1bcb487cc26dd0d5f7d97098a6c","hash":"354b9057dbde3177db63633623cf7769f8da34ec"}
,"/home/reid/Development/rocket-ui-test/src/actions/Launches.js": {"path":"/home/reid/Development/rocket-ui-test/src/actions/Launches.js","statementMap":{"0":{"start":{"line":1,"column":23},"end":{"line":7,"column":1}},"1":{"start":{"line":9,"column":31},"end":{"line":11,"column":2}},"2":{"start":{"line":9,"column":38},"end":{"line":11,"column":1}},"3":{"start":{"line":13,"column":31},"end":{"line":18,"column":2}},"4":{"start":{"line":13,"column":44},"end":{"line":18,"column":1}},"5":{"start":{"line":20,"column":30},"end":{"line":25,"column":2}},"6":{"start":{"line":20,"column":47},"end":{"line":25,"column":1}},"7":{"start":{"line":27,"column":36},"end":{"line":32,"column":2}},"8":{"start":{"line":27,"column":57},"end":{"line":32,"column":1}},"9":{"start":{"line":34,"column":32},"end":{"line":36,"column":2}},"10":{"start":{"line":34,"column":39},"end":{"line":36,"column":1}}},"fnMap":{"0":{"name":"(anonymous_0)","decl":{"start":{"line":9,"column":31},"end":{"line":9,"column":32}},"loc":{"start":{"line":9,"column":38},"end":{"line":11,"column":1}},"line":9},"1":{"name":"(anonymous_1)","decl":{"start":{"line":13,"column":31},"end":{"line":13,"column":32}},"loc":{"start":{"line":13,"column":44},"end":{"line":18,"column":1}},"line":13},"2":{"name":"(anonymous_2)","decl":{"start":{"line":20,"column":30},"end":{"line":20,"column":31}},"loc":{"start":{"line":20,"column":47},"end":{"line":25,"column":1}},"line":20},"3":{"name":"(anonymous_3)","decl":{"start":{"line":27,"column":36},"end":{"line":27,"column":37}},"loc":{"start":{"line":27,"column":57},"end":{"line":32,"column":1}},"line":27},"4":{"name":"(anonymous_4)","decl":{"start":{"line":34,"column":32},"end":{"line":34,"column":33}},"loc":{"start":{"line":34,"column":39},"end":{"line":36,"column":1}},"line":34}},"branchMap":{},"s":{"0":3,"1":3,"2":4,"3":3,"4":0,"5":3,"6":0,"7":3,"8":0,"9":3,"10":0},"f":{"0":4,"1":0,"2":0,"3":0,"4":0},"b":{},"_coverageSchema":"332fd63041d2c1bcb487cc26dd0d5f7d97098a6c","hash":"78d68627b8121351153bcbfba2a1e9c98727d203"}
,"/home/reid/Development/rocket-ui-test/src/components/Launch.jsx": {"path":"/home/reid/Development/rocket-ui-test/src/components/Launch.jsx","statementMap":{"0":{"start":{"line":5,"column":62},"end":{"line":5,"column":74}},"1":{"start":{"line":6,"column":17},"end":{"line":10,"column":2}},"2":{"start":{"line":7,"column":2},"end":{"line":9,"column":3}},"3":{"start":{"line":8,"column":3},"end":{"line":8,"column":31}},"4":{"start":{"line":12,"column":1},"end":{"line":20,"column":3}}},"fnMap":{"0":{"name":"Launch","decl":{"start":{"line":3,"column":24},"end":{"line":3,"column":30}},"loc":{"start":{"line":3,"column":37},"end":{"line":21,"column":1}},"line":3},"1":{"name":"(anonymous_1)","decl":{"start":{"line":6,"column":17},"end":{"line":6,"column":18}},"loc":{"start":{"line":6,"column":23},"end":{"line":10,"column":2}},"line":6}},"branchMap":{"0":{"loc":{"start":{"line":7,"column":2},"end":{"line":9,"column":3}},"type":"if","locations":[{"start":{"line":7,"column":2},"end":{"line":9,"column":3}},{"start":{"line":7,"column":2},"end":{"line":9,"column":3}}],"line":7},"1":{"loc":{"start":{"line":13,"column":35},"end":{"line":13,"column":72}},"type":"cond-expr","locations":[{"start":{"line":13,"column":52},"end":{"line":13,"column":61}},{"start":{"line":13,"column":63},"end":{"line":13,"column":72}}],"line":13}},"s":{"0":49,"1":49,"2":0,"3":0,"4":49},"f":{"0":49,"1":0},"b":{"0":[0,0],"1":[34,15]},"_coverageSchema":"332fd63041d2c1bcb487cc26dd0d5f7d97098a6c","hash":"90724ffba0e4b30e596a0341599fff9dcd330f01"}
,"/home/reid/Development/rocket-ui-test/src/components/LaunchDetails.jsx": {"path":"/home/reid/Development/rocket-ui-test/src/components/LaunchDetails.jsx","statementMap":{"0":{"start":{"line":3,"column":30},"end":{"line":3,"column":170}},"1":{"start":{"line":6,"column":1},"end":{"line":8,"column":2}},"2":{"start":{"line":7,"column":2},"end":{"line":7,"column":38}},"3":{"start":{"line":10,"column":1},"end":{"line":12,"column":2}},"4":{"start":{"line":11,"column":2},"end":{"line":11,"column":48}},"5":{"start":{"line":14,"column":26},"end":{"line":14,"column":38}},"6":{"start":{"line":15,"column":51},"end":{"line":15,"column":64}},"7":{"start":{"line":17,"column":23},"end":{"line":17,"column":117}},"8":{"start":{"line":19,"column":1},"end":{"line":26,"column":2}},"9":{"start":{"line":30,"column":62},"end":{"line":30,"column":74}},"10":{"start":{"line":31,"column":18},"end":{"line":31,"column":29}},"11":{"start":{"line":33,"column":17},"end":{"line":37,"column":2}},"12":{"start":{"line":34,"column":2},"end":{"line":36,"column":3}},"13":{"start":{"line":35,"column":3},"end":{"line":35,"column":31}},"14":{"start":{"line":39,"column":1},"end":{"line":46,"column":3}},"15":{"start":{"line":40,"column":2},"end":{"line":45,"column":3}},"16":{"start":{"line":41,"column":3},"end":{"line":44,"column":6}},"17":{"start":{"line":48,"column":1},"end":{"line":61,"column":3}}},"fnMap":{"0":{"name":"LaunchDetailContent","decl":{"start":{"line":5,"column":9},"end":{"line":5,"column":28}},"loc":{"start":{"line":5,"column":35},"end":{"line":27,"column":1}},"line":5},"1":{"name":"LaunchDetails","decl":{"start":{"line":29,"column":24},"end":{"line":29,"column":37}},"loc":{"start":{"line":29,"column":44},"end":{"line":62,"column":1}},"line":29},"2":{"name":"(anonymous_2)","decl":{"start":{"line":33,"column":17},"end":{"line":33,"column":18}},"loc":{"start":{"line":33,"column":23},"end":{"line":37,"column":2}},"line":33},"3":{"name":"(anonymous_3)","decl":{"start":{"line":39,"column":11},"end":{"line":39,"column":12}},"loc":{"start":{"line":39,"column":17},"end":{"line":46,"column":2}},"line":39}},"branchMap":{"0":{"loc":{"start":{"line":6,"column":1},"end":{"line":8,"column":2}},"type":"if","locations":[{"start":{"line":6,"column":1},"end":{"line":8,"column":2}},{"start":{"line":6,"column":1},"end":{"line":8,"column":2}}],"line":6},"1":{"loc":{"start":{"line":10,"column":1},"end":{"line":12,"column":2}},"type":"if","locations":[{"start":{"line":10,"column":1},"end":{"line":12,"column":2}},{"start":{"line":10,"column":1},"end":{"line":12,"column":2}}],"line":10},"2":{"loc":{"start":{"line":23,"column":29},"end":{"line":23,"column":66}},"type":"cond-expr","locations":[{"start":{"line":23,"column":46},"end":{"line":23,"column":55}},{"start":{"line":23,"column":57},"end":{"line":23,"column":66}}],"line":23},"3":{"loc":{"start":{"line":34,"column":2},"end":{"line":36,"column":3}},"type":"if","locations":[{"start":{"line":34,"column":2},"end":{"line":36,"column":3}},{"start":{"line":34,"column":2},"end":{"line":36,"column":3}}],"line":34},"4":{"loc":{"start":{"line":40,"column":2},"end":{"line":45,"column":3}},"type":"if","locations":[{"start":{"line":40,"column":2},"end":{"line":45,"column":3}},{"start":{"line":40,"column":2},"end":{"line":45,"column":3}}],"line":40},"5":{"loc":{"start":{"line":40,"column":5},"end":{"line":40,"column":56}},"type":"binary-expr","locations":[{"start":{"line":40,"column":5},"end":{"line":40,"column":21}},{"start":{"line":40,"column":25},"end":{"line":40,"column":56}}],"line":40},"6":{"loc":{"start":{"line":50,"column":31},"end":{"line":50,"column":68}},"type":"cond-expr","locations":[{"start":{"line":50,"column":48},"end":{"line":50,"column":57}},{"start":{"line":50,"column":59},"end":{"line":50,"column":68}}],"line":50}},"s":{"0":3,"1":1,"2":0,"3":1,"4":0,"5":1,"6":1,"7":1,"8":1,"9":1,"10":1,"11":1,"12":0,"13":0,"14":1,"15":1,"16":0,"17":1},"f":{"0":1,"1":1,"2":0,"3":1},"b":{"0":[0,1],"1":[0,1],"2":[1,0],"3":[0,0],"4":[0,1],"5":[1,1],"6":[1,0]},"_coverageSchema":"332fd63041d2c1bcb487cc26dd0d5f7d97098a6c","hash":"70b9a281506a4a6e951e4f0aa9ea75b37acfbbcc"}
,"/home/reid/Development/rocket-ui-test/src/components/LaunchGrid.jsx": {"path":"/home/reid/Development/rocket-ui-test/src/components/LaunchGrid.jsx","statementMap":{"0":{"start":{"line":8,"column":26},"end":{"line":10,"column":2}},"1":{"start":{"line":9,"column":2},"end":{"line":9,"column":35}},"2":{"start":{"line":12,"column":28},"end":{"line":14,"column":2}},"3":{"start":{"line":13,"column":2},"end":{"line":13,"column":31}},"4":{"start":{"line":16,"column":27},"end":{"line":36,"column":3}},"5":{"start":{"line":17,"column":2},"end":{"line":27,"column":3}},"6":{"start":{"line":18,"column":3},"end":{"line":26,"column":4}},"7":{"start":{"line":29,"column":2},"end":{"line":35,"column":3}},"8":{"start":{"line":38,"column":4},"end":{"line":38,"column":65}}},"fnMap":{"0":{"name":"LaunchGrid","decl":{"start":{"line":7,"column":24},"end":{"line":7,"column":34}},"loc":{"start":{"line":7,"column":110},"end":{"line":39,"column":1}},"line":7},"1":{"name":"(anonymous_1)","decl":{"start":{"line":8,"column":26},"end":{"line":8,"column":27}},"loc":{"start":{"line":8,"column":38},"end":{"line":10,"column":2}},"line":8},"2":{"name":"(anonymous_2)","decl":{"start":{"line":12,"column":28},"end":{"line":12,"column":29}},"loc":{"start":{"line":12,"column":34},"end":{"line":14,"column":2}},"line":12},"3":{"name":"(anonymous_3)","decl":{"start":{"line":16,"column":40},"end":{"line":16,"column":41}},"loc":{"start":{"line":16,"column":50},"end":{"line":36,"column":2}},"line":16}},"branchMap":{"0":{"loc":{"start":{"line":17,"column":2},"end":{"line":27,"column":3}},"type":"if","locations":[{"start":{"line":17,"column":2},"end":{"line":27,"column":3}},{"start":{"line":17,"column":2},"end":{"line":27,"column":3}}],"line":17},"1":{"loc":{"start":{"line":17,"column":5},"end":{"line":17,"column":72}},"type":"binary-expr","locations":[{"start":{"line":17,"column":5},"end":{"line":17,"column":17}},{"start":{"line":17,"column":21},"end":{"line":17,"column":72}}],"line":17}},"s":{"0":5,"1":0,"2":5,"3":0,"4":5,"5":50,"6":1,"7":49,"8":5},"f":{"0":5,"1":0,"2":0,"3":50},"b":{"0":[1,49],"1":[50,10]},"_coverageSchema":"332fd63041d2c1bcb487cc26dd0d5f7d97098a6c","hash":"0e9236d261546f57fd3a36f2a56190cc9c43c8a0"}
,"/home/reid/Development/rocket-ui-test/src/components/LaunchLoading.jsx": {"path":"/home/reid/Development/rocket-ui-test/src/components/LaunchLoading.jsx","statementMap":{"0":{"start":{"line":4,"column":1},"end":{"line":4,"column":29}}},"fnMap":{"0":{"name":"LaunchLoading","decl":{"start":{"line":3,"column":24},"end":{"line":3,"column":37}},"loc":{"start":{"line":3,"column":44},"end":{"line":5,"column":1}},"line":3}},"branchMap":{},"s":{"0":1},"f":{"0":1},"b":{},"_coverageSchema":"332fd63041d2c1bcb487cc26dd0d5f7d97098a6c","hash":"56c02e33a3cc21bc1fe4fae62770d89aeb0cb6bc"}
,"/home/reid/Development/rocket-ui-test/src/components/LaunchLoadingError.jsx": {"path":"/home/reid/Development/rocket-ui-test/src/components/LaunchLoadingError.jsx","statementMap":{"0":{"start":{"line":4,"column":1},"end":{"line":4,"column":83}}},"fnMap":{"0":{"name":"LaunchLoadingError","decl":{"start":{"line":3,"column":24},"end":{"line":3,"column":42}},"loc":{"start":{"line":3,"column":49},"end":{"line":5,"column":1}},"line":3}},"branchMap":{},"s":{"0":1},"f":{"0":1},"b":{},"_coverageSchema":"332fd63041d2c1bcb487cc26dd0d5f7d97098a6c","hash":"abf9f874f0d52d06d17b9c8d796a06bd4a0f7f25"}
,"/home/reid/Development/rocket-ui-test/src/components/Navigation.jsx": {"path":"/home/reid/Development/rocket-ui-test/src/components/Navigation.jsx","statementMap":{"0":{"start":{"line":4,"column":19},"end":{"line":8,"column":1}},"1":{"start":{"line":5,"column":2},"end":{"line":7,"column":7}}},"fnMap":{"0":{"name":"(anonymous_0)","decl":{"start":{"line":4,"column":19},"end":{"line":4,"column":20}},"loc":{"start":{"line":5,"column":2},"end":{"line":7,"column":7}},"line":5}},"branchMap":{},"s":{"0":2,"1":2},"f":{"0":2},"b":{},"_coverageSchema":"332fd63041d2c1bcb487cc26dd0d5f7d97098a6c","hash":"52882491f4f4f2542cf6c62cdf5b5dbe257e8a56"}
,"/home/reid/Development/rocket-ui-test/src/mocks/mockLaunchAPIResponse.js": {"path":"/home/reid/Development/rocket-ui-test/src/mocks/mockLaunchAPIResponse.js","statementMap":{},"fnMap":{},"branchMap":{},"s":{},"f":{},"b":{},"_coverageSchema":"332fd63041d2c1bcb487cc26dd0d5f7d97098a6c","hash":"0d8af830fb68dacabf15f139536edce562d283be"}
,"/home/reid/Development/rocket-ui-test/src/mocks/mockLaunchCollectionStates.js": {"path":"/home/reid/Development/rocket-ui-test/src/mocks/mockLaunchCollectionStates.js","statementMap":{"0":{"start":{"line":4,"column":39},"end":{"line":11,"column":1}},"1":{"start":{"line":13,"column":37},"end":{"line":20,"column":1}}},"fnMap":{"0":{"name":"(anonymous_0)","decl":{"start":{"line":5,"column":11},"end":{"line":5,"column":12}},"loc":{"start":{"line":5,"column":17},"end":{"line":5,"column":19}},"line":5},"1":{"name":"(anonymous_1)","decl":{"start":{"line":14,"column":11},"end":{"line":14,"column":12}},"loc":{"start":{"line":14,"column":17},"end":{"line":14,"column":19}},"line":14}},"branchMap":{},"s":{"0":2,"1":2},"f":{"0":0,"1":0},"b":{},"_coverageSchema":"332fd63041d2c1bcb487cc26dd0d5f7d97098a6c","hash":"df00ee26886c9062b8dee25775b0f460cb934e99"}
,"/home/reid/Development/rocket-ui-test/src/mocks/mockRocketAPIResponse.js": {"path":"/home/reid/Development/rocket-ui-test/src/mocks/mockRocketAPIResponse.js","statementMap":{},"fnMap":{},"branchMap":{},"s":{},"f":{},"b":{},"_coverageSchema":"332fd63041d2c1bcb487cc26dd0d5f7d97098a6c","hash":"1979cf6dd6dfac80d7108270d22ebccada157a8a"}
,"/home/reid/Development/rocket-ui-test/src/views/ConnectedView.jsx": {"path":"/home/reid/Development/rocket-ui-test/src/views/ConnectedView.jsx","statementMap":{"0":{"start":{"line":7,"column":13},"end":{"line":7,"column":25}},"1":{"start":{"line":13,"column":26},"end":{"line":16,"column":7}},"2":{"start":{"line":18,"column":6},"end":{"line":22,"column":8}},"3":{"start":{"line":26,"column":26},"end":{"line":26,"column":40}},"4":{"start":{"line":26,"column":35},"end":{"line":26,"column":40}},"5":{"start":{"line":28,"column":29},"end":{"line":30,"column":4}},"6":{"start":{"line":28,"column":42},"end":{"line":30,"column":3}},"7":{"start":{"line":32,"column":2},"end":{"line":35,"column":22}}},"fnMap":{"0":{"name":"MasterLayoutHOC","decl":{"start":{"line":9,"column":9},"end":{"line":9,"column":24}},"loc":{"start":{"line":9,"column":53},"end":{"line":36,"column":1}},"line":9},"1":{"name":"(anonymous_1)","decl":{"start":{"line":11,"column":4},"end":{"line":11,"column":5}},"loc":{"start":{"line":11,"column":13},"end":{"line":23,"column":5}},"line":11},"2":{"name":"(anonymous_2)","decl":{"start":{"line":26,"column":26},"end":{"line":26,"column":27}},"loc":{"start":{"line":26,"column":35},"end":{"line":26,"column":40}},"line":26},"3":{"name":"(anonymous_3)","decl":{"start":{"line":28,"column":29},"end":{"line":28,"column":30}},"loc":{"start":{"line":28,"column":42},"end":{"line":30,"column":3}},"line":28}},"branchMap":{},"s":{"0":2,"1":0,"2":0,"3":2,"4":0,"5":2,"6":0,"7":2},"f":{"0":2,"1":0,"2":0,"3":0},"b":{},"_coverageSchema":"332fd63041d2c1bcb487cc26dd0d5f7d97098a6c","hash":"77af9cacf15bcfb10b8cd4aba13533e5ff657082"}
,"/home/reid/Development/rocket-ui-test/src/views/Launches.jsx": {"path":"/home/reid/Development/rocket-ui-test/src/views/Launches.jsx","statementMap":{"0":{"start":{"line":9,"column":40},"end":{"line":9,"column":45}},"1":{"start":{"line":10,"column":86},"end":{"line":10,"column":102}},"2":{"start":{"line":12,"column":1},"end":{"line":12,"column":59}},"3":{"start":{"line":12,"column":36},"end":{"line":12,"column":59}},"4":{"start":{"line":14,"column":1},"end":{"line":14,"column":51}},"5":{"start":{"line":14,"column":23},"end":{"line":14,"column":51}},"6":{"start":{"line":16,"column":1},"end":{"line":16,"column":101}},"7":{"start":{"line":20,"column":20},"end":{"line":20,"column":25}},"8":{"start":{"line":22,"column":1},"end":{"line":24,"column":8}},"9":{"start":{"line":23,"column":2},"end":{"line":23,"column":29}},"10":{"start":{"line":26,"column":4},"end":{"line":31,"column":3}},"11":{"start":{"line":34,"column":30},"end":{"line":34,"column":76}}},"fnMap":{"0":{"name":"LaunchContent","decl":{"start":{"line":8,"column":9},"end":{"line":8,"column":22}},"loc":{"start":{"line":8,"column":29},"end":{"line":17,"column":1}},"line":8},"1":{"name":"VanillaLaunchesView","decl":{"start":{"line":19,"column":9},"end":{"line":19,"column":28}},"loc":{"start":{"line":19,"column":35},"end":{"line":32,"column":1}},"line":19},"2":{"name":"(anonymous_2)","decl":{"start":{"line":22,"column":11},"end":{"line":22,"column":12}},"loc":{"start":{"line":22,"column":17},"end":{"line":24,"column":2}},"line":22}},"branchMap":{"0":{"loc":{"start":{"line":12,"column":1},"end":{"line":12,"column":59}},"type":"if","locations":[{"start":{"line":12,"column":1},"end":{"line":12,"column":59}},{"start":{"line":12,"column":1},"end":{"line":12,"column":59}}],"line":12},"1":{"loc":{"start":{"line":12,"column":5},"end":{"line":12,"column":34}},"type":"binary-expr","locations":[{"start":{"line":12,"column":5},"end":{"line":12,"column":22}},{"start":{"line":12,"column":26},"end":{"line":12,"column":34}}],"line":12},"2":{"loc":{"start":{"line":14,"column":1},"end":{"line":14,"column":51}},"type":"if","locations":[{"start":{"line":14,"column":1},"end":{"line":14,"column":51}},{"start":{"line":14,"column":1},"end":{"line":14,"column":51}}],"line":14}},"s":{"0":4,"1":4,"2":4,"3":1,"4":3,"5":1,"6":2,"7":4,"8":4,"9":4,"10":4,"11":2},"f":{"0":4,"1":4,"2":4},"b":{"0":[1,3],"1":[4,4],"2":[1,2]},"_coverageSchema":"332fd63041d2c1bcb487cc26dd0d5f7d97098a6c","hash":"59d9ae7298326778a7d48effd7aa33c21ed925ac"}
,"/home/reid/Development/rocket-ui-test/src/views/Layout.jsx": {"path":"/home/reid/Development/rocket-ui-test/src/views/Layout.jsx","statementMap":{"0":{"start":{"line":3,"column":15},"end":{"line":17,"column":1}},"1":{"start":{"line":6,"column":2},"end":{"line":16,"column":4}}},"fnMap":{"0":{"name":"(anonymous_0)","decl":{"start":{"line":3,"column":15},"end":{"line":3,"column":16}},"loc":{"start":{"line":5,"column":6},"end":{"line":17,"column":1}},"line":5}},"branchMap":{},"s":{"0":2,"1":0},"f":{"0":0},"b":{},"_coverageSchema":"332fd63041d2c1bcb487cc26dd0d5f7d97098a6c","hash":"81688e9bf5d424d548dd0a37446b76bba6abb75c"}
}
