TN:
SF:/home/reid/Development/rocket-ui-test/src/routes.jsx
FN:8,(anonymous_0)
FNF:1
FNH:1
FNDA:1,(anonymous_0)
DA:8,1
DA:9,1
LF:2
LH:2
BRF:0
BRH:0
end_of_record
TN:
SF:/home/reid/Development/rocket-ui-test/src/actions/Launches.js
FN:9,(anonymous_0)
FN:13,(anonymous_1)
FN:20,(anonymous_2)
FN:27,(anonymous_3)
FN:34,(anonymous_4)
FNF:5
FNH:1
FNDA:4,(anonymous_0)
FNDA:0,(anonymous_1)
FNDA:0,(anonymous_2)
FNDA:0,(anonymous_3)
FNDA:0,(anonymous_4)
DA:1,3
DA:9,4
DA:13,3
DA:20,3
DA:27,3
DA:34,3
LF:6
LH:6
BRF:0
BRH:0
end_of_record
TN:
SF:/home/reid/Development/rocket-ui-test/src/components/Launch.jsx
FN:3,Launch
FN:6,(anonymous_1)
FNF:2
FNH:1
FNDA:49,Launch
FNDA:0,(anonymous_1)
DA:5,49
DA:6,49
DA:7,0
DA:8,0
DA:12,49
LF:5
LH:3
BRDA:7,0,0,0
BRDA:7,0,1,0
BRDA:13,1,0,34
BRDA:13,1,1,15
BRF:4
BRH:2
end_of_record
TN:
SF:/home/reid/Development/rocket-ui-test/src/components/LaunchDetails.jsx
FN:5,LaunchDetailContent
FN:29,LaunchDetails
FN:33,(anonymous_2)
FN:39,(anonymous_3)
FNF:4
FNH:3
FNDA:1,LaunchDetailContent
FNDA:1,LaunchDetails
FNDA:0,(anonymous_2)
FNDA:1,(anonymous_3)
DA:3,3
DA:6,1
DA:7,0
DA:10,1
DA:11,0
DA:14,1
DA:15,1
DA:17,1
DA:19,1
DA:30,1
DA:31,1
DA:33,1
DA:34,0
DA:35,0
DA:39,1
DA:40,1
DA:41,0
DA:48,1
LF:18
LH:13
BRDA:6,0,0,0
BRDA:6,0,1,1
BRDA:10,1,0,0
BRDA:10,1,1,1
BRDA:23,2,0,1
BRDA:23,2,1,0
BRDA:34,3,0,0
BRDA:34,3,1,0
BRDA:40,4,0,0
BRDA:40,4,1,1
BRDA:40,5,0,1
BRDA:40,5,1,1
BRDA:50,6,0,1
BRDA:50,6,1,0
BRF:14
BRH:7
end_of_record
TN:
SF:/home/reid/Development/rocket-ui-test/src/components/LaunchGrid.jsx
FN:7,LaunchGrid
FN:8,(anonymous_1)
FN:12,(anonymous_2)
FN:16,(anonymous_3)
FNF:4
FNH:2
FNDA:5,LaunchGrid
FNDA:0,(anonymous_1)
FNDA:0,(anonymous_2)
FNDA:50,(anonymous_3)
DA:8,5
DA:9,0
DA:12,5
DA:13,0
DA:16,5
DA:17,50
DA:18,1
DA:29,49
DA:38,5
LF:9
LH:7
BRDA:17,0,0,1
BRDA:17,0,1,49
BRDA:17,1,0,50
BRDA:17,1,1,10
BRF:4
BRH:4
end_of_record
TN:
SF:/home/reid/Development/rocket-ui-test/src/components/LaunchLoading.jsx
FN:3,LaunchLoading
FNF:1
FNH:1
FNDA:1,LaunchLoading
DA:4,1
LF:1
LH:1
BRF:0
BRH:0
end_of_record
TN:
SF:/home/reid/Development/rocket-ui-test/src/components/LaunchLoadingError.jsx
FN:3,LaunchLoadingError
FNF:1
FNH:1
FNDA:1,LaunchLoadingError
DA:4,1
LF:1
LH:1
BRF:0
BRH:0
end_of_record
TN:
SF:/home/reid/Development/rocket-ui-test/src/components/Navigation.jsx
FN:4,(anonymous_0)
FNF:1
FNH:1
FNDA:2,(anonymous_0)
DA:4,2
DA:5,2
LF:2
LH:2
BRF:0
BRH:0
end_of_record
TN:
SF:/home/reid/Development/rocket-ui-test/src/mocks/mockLaunchAPIResponse.js
FNF:0
FNH:0
LF:0
LH:0
BRF:0
BRH:0
end_of_record
TN:
SF:/home/reid/Development/rocket-ui-test/src/mocks/mockLaunchCollectionStates.js
FN:5,(anonymous_0)
FN:14,(anonymous_1)
FNF:2
FNH:0
FNDA:0,(anonymous_0)
FNDA:0,(anonymous_1)
DA:4,2
DA:13,2
LF:2
LH:2
BRF:0
BRH:0
end_of_record
TN:
SF:/home/reid/Development/rocket-ui-test/src/mocks/mockRocketAPIResponse.js
FNF:0
FNH:0
LF:0
LH:0
BRF:0
BRH:0
end_of_record
TN:
SF:/home/reid/Development/rocket-ui-test/src/views/ConnectedView.jsx
FN:9,MasterLayoutHOC
FN:11,(anonymous_1)
FN:26,(anonymous_2)
FN:28,(anonymous_3)
FNF:4
FNH:1
FNDA:2,MasterLayoutHOC
FNDA:0,(anonymous_1)
FNDA:0,(anonymous_2)
FNDA:0,(anonymous_3)
DA:7,2
DA:13,0
DA:18,0
DA:26,2
DA:28,2
DA:32,2
LF:6
LH:4
BRF:0
BRH:0
end_of_record
TN:
SF:/home/reid/Development/rocket-ui-test/src/views/Launches.jsx
FN:8,LaunchContent
FN:19,VanillaLaunchesView
FN:22,(anonymous_2)
FNF:3
FNH:3
FNDA:4,LaunchContent
FNDA:4,VanillaLaunchesView
FNDA:4,(anonymous_2)
DA:9,4
DA:10,4
DA:12,4
DA:14,3
DA:16,2
DA:20,4
DA:22,4
DA:23,4
DA:26,4
DA:34,2
LF:10
LH:10
BRDA:12,0,0,1
BRDA:12,0,1,3
BRDA:12,1,0,4
BRDA:12,1,1,4
BRDA:14,2,0,1
BRDA:14,2,1,2
BRF:6
BRH:6
end_of_record
TN:
SF:/home/reid/Development/rocket-ui-test/src/views/Layout.jsx
FN:3,(anonymous_0)
FNF:1
FNH:0
FNDA:0,(anonymous_0)
DA:3,2
DA:6,0
LF:2
LH:1
BRF:0
BRH:0
end_of_record
